<?xml version="1.0" encoding="UTF-8"?>
<testng-results skipped="0" failed="0" total="1" passed="1">
  <reporter-output>
  </reporter-output>
  <suite name="Default suite" duration-ms="636" started-at="2019-09-18T12:19:58Z" finished-at="2019-09-18T12:19:59Z">
    <groups>
    </groups>
    <test name="Default test" duration-ms="636" started-at="2019-09-18T12:19:58Z" finished-at="2019-09-18T12:19:59Z">
      <class name="ExecuteExcelTest">
        <test-method status="PASS" signature="exc()[pri:0, instance:ExecuteExcelTest@7921b0a2]" name="exc" duration-ms="603" started-at="2019-09-18T17:49:58Z" finished-at="2019-09-18T17:49:59Z">
          <reporter-output>
          </reporter-output>
        </test-method> <!-- exc -->
      </class> <!-- ExecuteExcelTest -->
    </test> <!-- Default test -->
  </suite> <!-- Default suite -->
</testng-results>
