<?xml version="1.0" encoding="UTF-8"?>
<testng-results skipped="0" failed="0" total="1" passed="1">
  <reporter-output>
  </reporter-output>
  <suite name="Default suite" duration-ms="3659" started-at="2019-09-12T14:44:37Z" finished-at="2019-09-12T14:44:41Z">
    <groups>
    </groups>
    <test name="Default test" duration-ms="3659" started-at="2019-09-12T14:44:37Z" finished-at="2019-09-12T14:44:41Z">
      <class name="com.tests.driven.DynamicJson">
        <test-method status="PASS" signature="addBook()[pri:0, instance:com.tests.driven.DynamicJson@71423665]" name="addBook" duration-ms="3627" started-at="2019-09-12T20:14:37Z" finished-at="2019-09-12T20:14:41Z">
          <reporter-output>
          </reporter-output>
        </test-method> <!-- addBook -->
      </class> <!-- com.tests.driven.DynamicJson -->
    </test> <!-- Default test -->
  </suite> <!-- Default suite -->
</testng-results>
