<?xml version="1.0" encoding="UTF-8"?>
<!-- Generated by org.testng.reporters.JUnitXMLReporter -->
<testsuite hostname="LT-1333" ignored="0" name="Default test" tests="2" failures="0" timestamp="14 Nov 2019 11:01:26 GMT" time="40.891" errors="0">
  <testcase name="ClickProductDistributionLink" time="1.639" classname="com.ivy.testcases.TC_Productdistribution_2"/>
  <testcase name="mapProductstoDistributor" time="3.223" classname="com.ivy.testcases.TC_Productdistribution_2"/>
</testsuite> <!-- Default test -->
