<?xml version="1.0" encoding="UTF-8"?>
<testng-results skipped="0" failed="0" total="1" passed="1">
  <reporter-output>
  </reporter-output>
  <suite name="Default suite" duration-ms="24311" started-at="2019-09-17T16:27:28Z" finished-at="2019-09-17T16:27:52Z">
    <groups>
    </groups>
    <test name="Default test" duration-ms="24311" started-at="2019-09-17T16:27:28Z" finished-at="2019-09-17T16:27:52Z">
      <class name="seleniumDemo.Dropdowndemo_Sorting2">
        <test-method status="PASS" signature="selectvalues()[pri:0, instance:seleniumDemo.Dropdowndemo_Sorting2@53b32d7]" name="selectvalues" duration-ms="24271" started-at="2019-09-17T21:57:28Z" finished-at="2019-09-17T21:57:52Z">
          <reporter-output>
          </reporter-output>
        </test-method> <!-- selectvalues -->
      </class> <!-- seleniumDemo.Dropdowndemo_Sorting2 -->
    </test> <!-- Default test -->
  </suite> <!-- Default suite -->
</testng-results>
