<?xml version="1.0" encoding="UTF-8"?>
<!-- Generated by org.testng.reporters.JUnitXMLReporter -->
<testsuite hostname="LT-1136" name="Sample" tests="3" failures="1" timestamp="30 Apr 2019 12:14:04 GMT" time="0.278" errors="0">
  <testcase name="Testing" time="0.089" classname="seleniumdemo5.FailedCases"/>
  <testcase name="Testing" time="0.003" classname="seleniumdemo5.FailedCases1">
    <failure type="java.lang.AssertionError">
      <![CDATA[java.lang.AssertionError
	at org.junit.Assert.fail(Assert.java:86)
	at org.junit.Assert.assertTrue(Assert.java:41)
	at org.junit.Assert.assertTrue(Assert.java:52)
	at seleniumdemo5.FailedCases1.Testing(FailedCases1.java:10)
... Removed 25 stack frames]]>
    </failure>
  </testcase> <!-- Testing -->
  <testcase name="Testing" time="0.001" classname="seleniumdemo5.FailedCases2"/>
</testsuite> <!-- Sample -->
