<?xml version="1.0" encoding="UTF-8"?>
<!-- Generated by org.testng.reporters.JUnitXMLReporter -->
<testsuite hostname="LT-1333" ignored="0" name="Test" tests="1" failures="0" timestamp="03 Oct 2019 11:52:07 GMT" time="0.023" errors="0">
  <testcase name="@BeforeClass setup" time="0.0" classname="com.ivy.baseclass.Baseclass">
    <failure type="java.lang.NullPointerException">
      <![CDATA[java.lang.NullPointerException
	at com.ivy.baseclass.Baseclass.setup(Baseclass.java:47)
... Removed 28 stack frames]]>
    </failure>
  </testcase> <!-- @BeforeClass setup -->
  <testcase name="@BeforeMethod loginsetup" time="0.0" classname="com.ivy.testcases.TC_loginpage_001">
    <skipped/>
  </testcase> <!-- @BeforeMethod loginsetup -->
  <testcase name="@AfterMethod end" time="0.0" classname="com.ivy.testcases.TC_loginpage_001">
    <skipped/>
  </testcase> <!-- @AfterMethod end -->
  <testcase name="loginpagetest" time="0.001" classname="com.ivy.testcases.TC_loginpage_001">
    <skipped/>
  </testcase> <!-- loginpagetest -->
</testsuite> <!-- Test -->
