<?xml version="1.0" encoding="UTF-8"?>
<testng-results skipped="0" failed="0" ignored="0" total="1" passed="1">
  <reporter-output>
  </reporter-output>
  <suite name="Default suite" duration-ms="14863" started-at="2019-08-22T07:58:49Z" finished-at="2019-08-22T07:59:04Z">
    <groups>
    </groups>
    <test name="Default test" duration-ms="14863" started-at="2019-08-22T07:58:49Z" finished-at="2019-08-22T07:59:04Z">
      <class name="Ivyproject.ValidateTitleTest">
        <test-method status="PASS" signature="initialize()[pri:0, instance:Ivyproject.ValidateTitleTest@37afeb11]" name="initialize" is-config="true" duration-ms="10068" started-at="2019-08-22T13:28:49Z" finished-at="2019-08-22T13:28:59Z">
          <reporter-output>
          </reporter-output>
        </test-method> <!-- initialize -->
        <test-method status="PASS" signature="titlename()[pri:0, instance:Ivyproject.ValidateTitleTest@37afeb11]" name="titlename" duration-ms="94" started-at="2019-08-22T13:28:59Z" finished-at="2019-08-22T13:28:59Z">
          <reporter-output>
          </reporter-output>
        </test-method> <!-- titlename -->
        <test-method status="PASS" signature="closedriver()[pri:0, instance:Ivyproject.ValidateTitleTest@37afeb11]" name="closedriver" is-config="true" duration-ms="4666" started-at="2019-08-22T13:28:59Z" finished-at="2019-08-22T13:29:04Z">
          <reporter-output>
          </reporter-output>
        </test-method> <!-- closedriver -->
      </class> <!-- Ivyproject.ValidateTitleTest -->
    </test> <!-- Default test -->
  </suite> <!-- Default suite -->
</testng-results>
