-------------------------------------------------------------------------------
Test set: TestSuite
-------------------------------------------------------------------------------
Tests run: 4, Failures: 1, Errors: 0, Skipped: 3, Time elapsed: 1.325 sec <<< FAILURE! - in TestSuite
setup(com.ivy.testcases.TC_loginpage_001)  Time elapsed: 1.189 sec  <<< FAILURE!
java.lang.NullPointerException

