<?xml version="1.0" encoding="UTF-8"?>
<!-- Generated by org.testng.reporters.JUnitXMLReporter -->
<testsuite hostname="LT-1136" name="Listencase" tests="2" failures="1" timestamp="3 Jun 2019 13:44:01 GMT" time="23.591" errors="0">
  <testcase name="Case" time="23.554" classname="seleniumdemo6.ListenerCase"/>
  <testcase name="Case1" time="0.006" classname="seleniumdemo6.ListenerCase">
    <failure type="java.lang.AssertionError">
      <![CDATA[java.lang.AssertionError
	at org.junit.Assert.fail(Assert.java:86)
	at org.junit.Assert.assertTrue(Assert.java:41)
	at org.junit.Assert.assertTrue(Assert.java:52)
	at seleniumdemo6.ListenerCase.Case1(ListenerCase.java:29)
... Removed 25 stack frames]]>
    </failure>
  </testcase> <!-- Case1 -->
</testsuite> <!-- Listencase -->
