<?xml version="1.0" encoding="UTF-8"?>
<!-- Generated by org.testng.reporters.JUnitXMLReporter -->
<testsuite hostname="LT-1333" ignored="0" name="Regression" tests="3" failures="0" timestamp="2019-11-21T15:05:32 IST" time="0.044" errors="0">
  <testcase name="BooktheBus" time="0.008" classname="annotations.Day3"/>
  <testcase name="ClosetheBusapplication" time="0.001" classname="annotations.Day3"/>
  <testcase name="loginCar" time="0.001" classname="annotations.Day3"/>
</testsuite> <!-- Regression -->
