<?xml version="1.0" encoding="UTF-8"?>
<!-- Generated by org.testng.reporters.JUnitXMLReporter -->
<testsuite hostname="LT-1136" name="Test" tests="29" failures="0" timestamp="7 Aug 2019 13:31:56 GMT" time="0.31" errors="0">
  <testcase name="Bookthefilght" time="0.007" classname="annotations.Day1"/>
  <testcase name="Closetheflightapplication" time="0.005" classname="annotations.Day1"/>
  <testcase name="loginfilght" time="0.002" classname="annotations.Day1"/>
  <testcase name="BooktheBus" time="0.002" classname="annotations.Day2"/>
  <testcase name="BooktheBus" time="0.002" classname="annotations.Day3"/>
  <testcase name="ClosetheBusapplication" time="0.002" classname="annotations.Day3"/>
  <testcase name="loginCar" time="0.001" classname="annotations.Day3"/>
  <testcase name="eat" time="0.003" classname="annotations.Day4"/>
  <testcase name="sleep" time="0.002" classname="annotations.Day4"/>
  <testcase name="eat" time="0.004" classname="annotations.Day5"/>
  <testcase name="sleep" time="0.001" classname="annotations.Day5"/>
  <testcase name="drink" time="0.003" classname="annotations.Day5"/>
  <testcase name="day61" time="0.009" classname="annotations.Day6"/>
  <testcase name="in" time="0.002" classname="annotations.Day6"/>
  <testcase name="in" time="0.007" classname="annotations.Day6"/>
  <testcase name="in" time="0.002" classname="annotations.Day6"/>
  <testcase name="in" time="0.001" classname="annotations.Day6"/>
  <testcase name="in" time="0.014" classname="annotations.Day6"/>
  <testcase name="in" time="0.002" classname="annotations.Day6"/>
  <testcase name="in" time="0.009" classname="annotations.Day6"/>
  <testcase name="in" time="0.002" classname="annotations.Day6"/>
  <testcase name="in" time="0.007" classname="annotations.Day6"/>
  <testcase name="in" time="0.005" classname="annotations.Day6"/>
  <testcase name="loginfilght" time="0.008" classname="annotations.DependsExample"/>
  <testcase name="Bookthefilght" time="0.002" classname="annotations.DependsExample"/>
  <testcase name="Closetheflightapplication" time="0.001" classname="annotations.DependsExample"/>
  <testcase name="Closetheflightapplication" time="0.035" classname="annotations.EnabledExampleandtimeout"/>
  <testcase name="loginfilght" time="0.003" classname="annotations.EnabledExampleandtimeout"/>
  <testcase name="par" time="0.0" classname="annotations.Parameterclass">
    <skipped/>
  </testcase> <!-- par -->
</testsuite> <!-- Test -->
