<?xml version="1.0" encoding="UTF-8"?>
<!-- Generated by org.testng.reporters.JUnitXMLReporter -->
<testsuite hostname="LT-1333" ignored="0" name="Test" tests="8" failures="0" timestamp="2020-01-09T16:59:05 IST" time="0.106" errors="0">
  <testcase name="Bookthefilght" time="0.01" classname="annotations.Day1"/>
  <testcase name="Bookthefilght1" time="0.003" classname="annotations.Day1"/>
  <testcase name="Closetheflightapplication" time="0.003" classname="annotations.Day1"/>
  <testcase name="loginfilght" time="0.002" classname="annotations.Day1"/>
  <testcase name="BooktheBus" time="0.002" classname="annotations.Day3"/>
  <testcase name="ClosetheBusapplication" time="0.003" classname="annotations.Day3"/>
  <testcase name="loginCar" time="0.003" classname="annotations.Day3"/>
  <testcase name="BooktheBus" time="0.002" classname="annotations.Day2"/>
</testsuite> <!-- Test -->
