<?xml version="1.0" encoding="UTF-8"?>
<!-- Generated by org.testng.reporters.JUnitXMLReporter -->
<testsuite hostname="LT-1333" ignored="2" name="Test1" tests="0" failures="0" timestamp="2019-10-23T13:03:09 IST" time="0.064" errors="0">
  <testcase name="BooktheBus" time="0.0" classname="annotations.Day2">
    <ignored/>
  </testcase> <!-- BooktheBus -->
  <testcase name="loginfilght" time="0.0" classname="annotations.Day1">
    <ignored/>
  </testcase> <!-- loginfilght -->
</testsuite> <!-- Test1 -->
