<?xml version="1.0" encoding="UTF-8"?>
<!-- Generated by org.testng.reporters.JUnitXMLReporter -->
<testsuite hostname="LT-1136" ignored="0" name="Test" tests="4" failures="0" timestamp="17 Jun 2019 10:39:10 GMT" time="106.007" errors="0">
  <testcase name="titlename" time="0.081" classname="Ivyproject.ValidateTitle"/>
  <testcase name="navbar" time="0.121" classname="Ivyproject.validateBar"/>
  <testcase name="navigate" time="29.177" classname="Ivyproject.HomePage"/>
  <testcase name="navigate" time="43.188" classname="Ivyproject.HomePage"/>
</testsuite> <!-- Test -->
