<?xml version="1.0" encoding="UTF-8"?>
<testng-results skipped="1" failed="0" ignored="0" total="3" passed="2">
  <reporter-output>
  </reporter-output>
  <suite name="Suite" duration-ms="141461" started-at="2019-07-22T06:09:12Z" finished-at="2019-07-22T06:11:33Z">
    <groups>
    </groups>
    <test name="AllTests" duration-ms="141461" started-at="2019-07-22T06:09:12Z" finished-at="2019-07-22T06:11:33Z">
      <class name="com.crm.tests.TC_Contacts_001">
        <test-method status="PASS" signature="setup()[pri:0, instance:com.crm.tests.TC_Contacts_001@49139829]" name="setup" is-config="true" duration-ms="8113" started-at="2019-07-22T11:41:20Z" finished-at="2019-07-22T11:41:29Z">
          <reporter-output>
          </reporter-output>
        </test-method> <!-- setup -->
        <test-method status="SKIP" signature="createNewContact(java.lang.String, java.lang.String)[pri:1, instance:com.crm.tests.TC_Contacts_001@49139829]" name="createNewContact" duration-ms="0" started-at="2019-07-22T11:41:29Z" data-provider="getContactData" finished-at="2019-07-22T11:41:29Z">
          <exception class="java.lang.RuntimeException">
            <message>
              <![CDATA[java.lang.NullPointerException]]>
            </message>
            <full-stacktrace>
              <![CDATA[java.lang.RuntimeException: java.lang.NullPointerException
	at org.testng.internal.MethodInvocationHelper.invokeMethodNoCheckedException(MethodInvocationHelper.java:49)
	at org.testng.internal.MethodInvocationHelper.invokeDataProvider(MethodInvocationHelper.java:111)
	at org.testng.internal.Parameters.handleParameters(Parameters.java:509)
	at org.testng.internal.Invoker.handleParameters(Invoker.java:1293)
	at org.testng.internal.Invoker.createParameters(Invoker.java:1020)
	at org.testng.internal.Invoker.invokeTestMethods(Invoker.java:1110)
	at org.testng.internal.TestMethodWorker.invokeTestMethods(TestMethodWorker.java:129)
	at org.testng.internal.TestMethodWorker.run(TestMethodWorker.java:112)
	at org.testng.TestRunner.privateRun(TestRunner.java:756)
	at org.testng.TestRunner.run(TestRunner.java:610)
	at org.testng.SuiteRunner.runTest(SuiteRunner.java:387)
	at org.testng.SuiteRunner.runSequentially(SuiteRunner.java:382)
	at org.testng.SuiteRunner.privateRun(SuiteRunner.java:340)
	at org.testng.SuiteRunner.run(SuiteRunner.java:289)
	at org.testng.SuiteRunnerWorker.runSuite(SuiteRunnerWorker.java:52)
	at org.testng.SuiteRunnerWorker.run(SuiteRunnerWorker.java:86)
	at org.testng.TestNG.runSuitesSequentially(TestNG.java:1293)
	at org.testng.TestNG.runSuitesLocally(TestNG.java:1218)
	at org.testng.TestNG.runSuites(TestNG.java:1133)
	at org.testng.TestNG.run(TestNG.java:1104)
	at org.testng.remote.AbstractRemoteTestNG.run(AbstractRemoteTestNG.java:126)
	at org.testng.remote.RemoteTestNG.initAndRun(RemoteTestNG.java:137)
	at org.testng.remote.RemoteTestNG.main(RemoteTestNG.java:58)
Caused by: java.lang.NullPointerException
	at com.crm.tests.TC_Contacts_001.getContactData(TC_Contacts_001.java:36)
	at sun.reflect.NativeMethodAccessorImpl.invoke0(Native Method)
	at sun.reflect.NativeMethodAccessorImpl.invoke(Unknown Source)
	at sun.reflect.DelegatingMethodAccessorImpl.invoke(Unknown Source)
	at java.lang.reflect.Method.invoke(Unknown Source)
	at org.testng.internal.MethodInvocationHelper.invokeMethod(MethodInvocationHelper.java:104)
	at org.testng.internal.MethodInvocationHelper.invokeMethod(MethodInvocationHelper.java:55)
	at org.testng.internal.MethodInvocationHelper.invokeMethodNoCheckedException(MethodInvocationHelper.java:45)
	... 22 more
]]>
            </full-stacktrace>
          </exception> <!-- java.lang.RuntimeException -->
          <reporter-output>
          </reporter-output>
        </test-method> <!-- createNewContact -->
        <test-method status="PASS" signature="teardown()[pri:0, instance:com.crm.tests.TC_Contacts_001@49139829]" name="teardown" is-config="true" duration-ms="4202" started-at="2019-07-22T11:41:29Z" finished-at="2019-07-22T11:41:33Z">
          <reporter-output>
          </reporter-output>
        </test-method> <!-- teardown -->
      </class> <!-- com.crm.tests.TC_Contacts_001 -->
      <class name="com.crm.tests.TC_loginpage_001">
        <test-method status="PASS" signature="setup()[pri:0, instance:com.crm.tests.TC_loginpage_001@4ec4f3a0]" name="setup" is-config="true" duration-ms="49014" started-at="2019-07-22T11:39:12Z" finished-at="2019-07-22T11:40:01Z">
          <reporter-output>
          </reporter-output>
        </test-method> <!-- setup -->
        <test-method status="PASS" signature="invokebrowser()[pri:0, instance:com.crm.tests.TC_loginpage_001@4ec4f3a0]" name="invokebrowser" is-config="true" duration-ms="18127" started-at="2019-07-22T11:40:01Z" finished-at="2019-07-22T11:40:19Z">
          <reporter-output>
          </reporter-output>
        </test-method> <!-- invokebrowser -->
        <test-method status="PASS" signature="loginTest()[pri:1, instance:com.crm.tests.TC_loginpage_001@4ec4f3a0]" name="loginTest" duration-ms="12495" started-at="2019-07-22T11:40:19Z" finished-at="2019-07-22T11:40:31Z">
          <reporter-output>
          </reporter-output>
        </test-method> <!-- loginTest -->
        <test-method status="PASS" signature="teardown()[pri:0, instance:com.crm.tests.TC_loginpage_001@4ec4f3a0]" name="teardown" is-config="true" duration-ms="4697" started-at="2019-07-22T11:40:31Z" finished-at="2019-07-22T11:40:36Z">
          <reporter-output>
          </reporter-output>
        </test-method> <!-- teardown -->
      </class> <!-- com.crm.tests.TC_loginpage_001 -->
      <class name="com.crm.tests.TC_Homepage_001">
        <test-method status="PASS" signature="setup()[pri:0, instance:com.crm.tests.TC_Homepage_001@223191a6]" name="setup" is-config="true" duration-ms="8510" started-at="2019-07-22T11:40:36Z" finished-at="2019-07-22T11:40:45Z">
          <reporter-output>
          </reporter-output>
        </test-method> <!-- setup -->
        <test-method status="PASS" signature="Setup()[pri:0, instance:com.crm.tests.TC_Homepage_001@223191a6]" name="Setup" is-config="true" duration-ms="33474" started-at="2019-07-22T11:40:45Z" finished-at="2019-07-22T11:41:18Z">
          <reporter-output>
          </reporter-output>
        </test-method> <!-- Setup -->
        <test-method status="PASS" signature="VerifyHomePageTitle()[pri:1, instance:com.crm.tests.TC_Homepage_001@223191a6]" name="VerifyHomePageTitle" duration-ms="7" started-at="2019-07-22T11:41:18Z" finished-at="2019-07-22T11:41:18Z">
          <reporter-output>
          </reporter-output>
        </test-method> <!-- VerifyHomePageTitle -->
        <test-method status="PASS" signature="quit()[pri:0, instance:com.crm.tests.TC_Homepage_001@223191a6]" name="quit" is-config="true" duration-ms="2361" started-at="2019-07-22T11:41:18Z" finished-at="2019-07-22T11:41:20Z">
          <reporter-output>
          </reporter-output>
        </test-method> <!-- quit -->
        <test-method status="PASS" signature="teardown()[pri:0, instance:com.crm.tests.TC_Homepage_001@223191a6]" name="teardown" is-config="true" duration-ms="0" started-at="2019-07-22T11:41:20Z" finished-at="2019-07-22T11:41:20Z">
          <reporter-output>
          </reporter-output>
        </test-method> <!-- teardown -->
      </class> <!-- com.crm.tests.TC_Homepage_001 -->
    </test> <!-- AllTests -->
  </suite> <!-- Suite -->
</testng-results>
