<?xml version="1.0" encoding="UTF-8"?>
<!-- Generated by org.testng.reporters.JUnitXMLReporter -->
<testsuite hostname="LT-1136" ignored="0" name="AllTests" tests="3" failures="0" timestamp="22 Jul 2019 06:11:33 GMT" time="141.461" errors="0">
  <testcase name="loginTest" time="12.495" classname="com.crm.tests.TC_loginpage_001"/>
  <testcase name="VerifyHomePageTitle" time="0.007" classname="com.crm.tests.TC_Homepage_001"/>
  <testcase name="createNewContact" time="0.0" classname="com.crm.tests.TC_Contacts_001">
    <skipped/>
  </testcase> <!-- createNewContact -->
</testsuite> <!-- AllTests -->
