<?xml version="1.0" encoding="UTF-8"?>
<testng-results skipped="0" failed="0" ignored="0" total="8" passed="8">
  <reporter-output>
  </reporter-output>
  <suite name="Suite" duration-ms="106" started-at="2020-01-09T16:59:05 IST" finished-at="2020-01-09T16:59:05 IST">
    <groups>
      <group name="smoketestcases">
        <method signature="Day3.BooktheBus()[pri:0, instance:annotations.Day3@32d2fa64]" name="BooktheBus" class="annotations.Day3"/>
        <method signature="Day3.ClosetheBusapplication()[pri:0, instance:annotations.Day3@32d2fa64]" name="ClosetheBusapplication" class="annotations.Day3"/>
        <method signature="Day3.loginCar()[pri:0, instance:annotations.Day3@32d2fa64]" name="loginCar" class="annotations.Day3"/>
      </group> <!-- smoketestcases -->
    </groups>
    <test name="Test" duration-ms="106" started-at="2020-01-09T16:59:05 IST" finished-at="2020-01-09T16:59:05 IST">
      <class name="annotations.Day1">
        <test-method status="PASS" signature="logintobrowser()[pri:0, instance:annotations.Day1@27808f31]" name="logintobrowser" is-config="true" duration-ms="23" started-at="2020-01-09T16:59:05 IST" finished-at="2020-01-09T16:59:05 IST">
          <reporter-output>
          </reporter-output>
        </test-method> <!-- logintobrowser -->
        <test-method status="PASS" signature="Classstarted()[pri:0, instance:annotations.Day1@27808f31]" name="Classstarted" is-config="true" duration-ms="1" started-at="2020-01-09T16:59:05 IST" finished-at="2020-01-09T16:59:05 IST">
          <reporter-output>
          </reporter-output>
        </test-method> <!-- Classstarted -->
        <test-method status="PASS" signature="login()[pri:0, instance:annotations.Day1@27808f31]" name="login" is-config="true" duration-ms="1" started-at="2020-01-09T16:59:05 IST" finished-at="2020-01-09T16:59:05 IST">
          <reporter-output>
          </reporter-output>
        </test-method> <!-- login -->
        <test-method status="PASS" signature="Bookthefilght()[pri:0, instance:annotations.Day1@27808f31]" name="Bookthefilght" duration-ms="10" started-at="2020-01-09T16:59:05 IST" finished-at="2020-01-09T16:59:05 IST">
          <reporter-output>
          </reporter-output>
        </test-method> <!-- Bookthefilght -->
        <test-method status="PASS" signature="logout()[pri:0, instance:annotations.Day1@27808f31]" name="logout" is-config="true" duration-ms="0" started-at="2020-01-09T16:59:05 IST" finished-at="2020-01-09T16:59:05 IST">
          <reporter-output>
          </reporter-output>
        </test-method> <!-- logout -->
        <test-method status="PASS" signature="login()[pri:0, instance:annotations.Day1@27808f31]" name="login" is-config="true" duration-ms="0" started-at="2020-01-09T16:59:05 IST" finished-at="2020-01-09T16:59:05 IST">
          <reporter-output>
          </reporter-output>
        </test-method> <!-- login -->
        <test-method status="PASS" signature="Bookthefilght1()[pri:0, instance:annotations.Day1@27808f31]" name="Bookthefilght1" duration-ms="3" started-at="2020-01-09T16:59:05 IST" finished-at="2020-01-09T16:59:05 IST">
          <reporter-output>
          </reporter-output>
        </test-method> <!-- Bookthefilght1 -->
        <test-method status="PASS" signature="logout()[pri:0, instance:annotations.Day1@27808f31]" name="logout" is-config="true" duration-ms="1" started-at="2020-01-09T16:59:05 IST" finished-at="2020-01-09T16:59:05 IST">
          <reporter-output>
          </reporter-output>
        </test-method> <!-- logout -->
        <test-method status="PASS" signature="login()[pri:0, instance:annotations.Day1@27808f31]" name="login" is-config="true" duration-ms="0" started-at="2020-01-09T16:59:05 IST" finished-at="2020-01-09T16:59:05 IST">
          <reporter-output>
          </reporter-output>
        </test-method> <!-- login -->
        <test-method status="PASS" signature="Closetheflightapplication()[pri:0, instance:annotations.Day1@27808f31]" name="Closetheflightapplication" duration-ms="3" started-at="2020-01-09T16:59:05 IST" finished-at="2020-01-09T16:59:05 IST">
          <reporter-output>
          </reporter-output>
        </test-method> <!-- Closetheflightapplication -->
        <test-method status="PASS" signature="logout()[pri:0, instance:annotations.Day1@27808f31]" name="logout" is-config="true" duration-ms="1" started-at="2020-01-09T16:59:05 IST" finished-at="2020-01-09T16:59:05 IST">
          <reporter-output>
          </reporter-output>
        </test-method> <!-- logout -->
        <test-method status="PASS" signature="login()[pri:0, instance:annotations.Day1@27808f31]" name="login" is-config="true" duration-ms="0" started-at="2020-01-09T16:59:05 IST" finished-at="2020-01-09T16:59:05 IST">
          <reporter-output>
          </reporter-output>
        </test-method> <!-- login -->
        <test-method status="PASS" signature="loginfilght()[pri:0, instance:annotations.Day1@27808f31]" name="loginfilght" duration-ms="2" started-at="2020-01-09T16:59:05 IST" finished-at="2020-01-09T16:59:05 IST">
          <reporter-output>
          </reporter-output>
        </test-method> <!-- loginfilght -->
        <test-method status="PASS" signature="logout()[pri:0, instance:annotations.Day1@27808f31]" name="logout" is-config="true" duration-ms="1" started-at="2020-01-09T16:59:05 IST" finished-at="2020-01-09T16:59:05 IST">
          <reporter-output>
          </reporter-output>
        </test-method> <!-- logout -->
        <test-method status="PASS" signature="ClassEnded()[pri:0, instance:annotations.Day1@27808f31]" name="ClassEnded" is-config="true" duration-ms="0" started-at="2020-01-09T16:59:05 IST" finished-at="2020-01-09T16:59:05 IST">
          <reporter-output>
          </reporter-output>
        </test-method> <!-- ClassEnded -->
      </class> <!-- annotations.Day1 -->
      <class name="annotations.Day2">
        <test-method status="PASS" signature="loginBus()[pri:0, instance:annotations.Day2@436e852b]" name="loginBus" is-config="true" duration-ms="1" started-at="2020-01-09T16:59:05 IST" finished-at="2020-01-09T16:59:05 IST">
          <reporter-output>
          </reporter-output>
        </test-method> <!-- loginBus -->
        <test-method status="PASS" signature="BooktheBus()[pri:0, instance:annotations.Day2@436e852b]" name="BooktheBus" duration-ms="2" started-at="2020-01-09T16:59:05 IST" finished-at="2020-01-09T16:59:05 IST">
          <reporter-output>
          </reporter-output>
        </test-method> <!-- BooktheBus -->
        <test-method status="PASS" signature="ClosetheBusapplication()[pri:0, instance:annotations.Day2@436e852b]" name="ClosetheBusapplication" is-config="true" duration-ms="0" started-at="2020-01-09T16:59:05 IST" finished-at="2020-01-09T16:59:05 IST">
          <reporter-output>
          </reporter-output>
        </test-method> <!-- ClosetheBusapplication -->
      </class> <!-- annotations.Day2 -->
      <class name="annotations.Day3">
        <test-method status="PASS" signature="BooktheBus()[pri:0, instance:annotations.Day3@32d2fa64]" name="BooktheBus" duration-ms="2" started-at="2020-01-09T16:59:05 IST" finished-at="2020-01-09T16:59:05 IST">
          <reporter-output>
          </reporter-output>
        </test-method> <!-- BooktheBus -->
        <test-method status="PASS" signature="ClosetheBusapplication()[pri:0, instance:annotations.Day3@32d2fa64]" name="ClosetheBusapplication" duration-ms="3" started-at="2020-01-09T16:59:05 IST" finished-at="2020-01-09T16:59:05 IST">
          <reporter-output>
          </reporter-output>
        </test-method> <!-- ClosetheBusapplication -->
        <test-method status="PASS" signature="loginCar()[pri:0, instance:annotations.Day3@32d2fa64]" name="loginCar" duration-ms="3" started-at="2020-01-09T16:59:05 IST" finished-at="2020-01-09T16:59:05 IST">
          <reporter-output>
          </reporter-output>
        </test-method> <!-- loginCar -->
        <test-method status="PASS" signature="Closethebrowser()[pri:0, instance:annotations.Day3@32d2fa64]" name="Closethebrowser" is-config="true" duration-ms="1" started-at="2020-01-09T16:59:05 IST" finished-at="2020-01-09T16:59:05 IST">
          <reporter-output>
          </reporter-output>
        </test-method> <!-- Closethebrowser -->
      </class> <!-- annotations.Day3 -->
    </test> <!-- Test -->
  </suite> <!-- Suite -->
</testng-results>
