<?xml version="1.0" encoding="UTF-8"?>
<testsuite hostname="LT-1136" name="MavenProject.FacebookloginTest" tests="4" failures="1" timestamp="28 Jun 2019 09:34:58 GMT" time="0.032" errors="0">
  <testcase name="Trasactionsfb" time="0.012" classname="MavenProject.FacebookloginTest"/>
  <testcase name="loginpagefb" time="0.004" classname="MavenProject.FacebookloginTest">
    <failure type="junit.framework.AssertionFailedError">
      <![CDATA[junit.framework.AssertionFailedError
	at junit.framework.Assert.fail(Assert.java:47)
	at junit.framework.Assert.assertTrue(Assert.java:20)
	at junit.framework.Assert.assertTrue(Assert.java:27)
	at MavenProject.FacebookloginTest.loginpagefb(FacebookloginTest.java:40)
	at org.apache.maven.surefire.testng.TestNGExecutor.run(TestNGExecutor.java:77)
	at org.apache.maven.surefire.testng.TestNGDirectoryTestSuite.executeMulti(TestNGDirectoryTestSuite.java:159)
	at org.apache.maven.surefire.testng.TestNGDirectoryTestSuite.execute(TestNGDirectoryTestSuite.java:99)
	at org.apache.maven.surefire.testng.TestNGProvider.invoke(TestNGProvider.java:106)
	at org.apache.maven.surefire.util.ReflectionUtils.invokeMethodWithArray(ReflectionUtils.java:189)
	at org.apache.maven.surefire.booter.ProviderFactory$ProviderProxy.invoke(ProviderFactory.java:165)
	at org.apache.maven.surefire.booter.ProviderFactory.invokeProvider(ProviderFactory.java:85)
	at org.apache.maven.surefire.booter.ForkedBooter.runSuitesInProcess(ForkedBooter.java:115)
	at org.apache.maven.surefire.booter.ForkedBooter.main(ForkedBooter.java:75)
... Removed 26 stack frames]]>
    </failure>
  </testcase>
  <testcase name="Trasactionsgmail" time="0.0" classname="MavenProject.GmailloginTest"/>
  <testcase name="loginpagegmail" time="0.0" classname="MavenProject.GmailloginTest"/>
</testsuite>
