<?xml version="1.0" encoding="UTF-8"?>
<testng-results skipped="0" failed="0" ignored="0" total="3" passed="3">
  <reporter-output>
  </reporter-output>
  <suite name="Suite" duration-ms="59846" started-at="2019-11-15T07:47:09Z" finished-at="2019-11-15T07:48:09Z">
    <groups>
    </groups>
    <test name="Test" duration-ms="37539" started-at="2019-11-15T07:47:09Z" finished-at="2019-11-15T07:47:47Z">
      <class name="com.ivy.testcases.TC_Productdistribution_2">
        <test-method status="PASS" signature="setup()[pri:0, instance:com.ivy.testcases.TC_Productdistribution_2@6069db50]" name="setup" is-config="true" duration-ms="5067" started-at="2019-11-15T13:17:09Z" finished-at="2019-11-15T13:17:14Z">
          <reporter-output>
          </reporter-output>
        </test-method> <!-- setup -->
        <test-method status="PASS" signature="loginforLinks()[pri:0, instance:com.ivy.testcases.TC_Productdistribution_2@6069db50]" name="loginforLinks" is-config="true" duration-ms="27636" started-at="2019-11-15T13:17:14Z" finished-at="2019-11-15T13:17:42Z">
          <reporter-output>
          </reporter-output>
        </test-method> <!-- loginforLinks -->
        <test-method status="PASS" signature="ClickProductDistributionLink()[pri:1, instance:com.ivy.testcases.TC_Productdistribution_2@6069db50]" name="ClickProductDistributionLink" duration-ms="1716" started-at="2019-11-15T13:17:42Z" finished-at="2019-11-15T13:17:43Z">
          <reporter-output>
          </reporter-output>
        </test-method> <!-- ClickProductDistributionLink -->
        <test-method status="PASS" signature="mapProductstoDistributor()[pri:2, instance:com.ivy.testcases.TC_Productdistribution_2@6069db50]" name="mapProductstoDistributor" duration-ms="3105" started-at="2019-11-15T13:17:43Z" finished-at="2019-11-15T13:17:47Z">
          <reporter-output>
          </reporter-output>
        </test-method> <!-- mapProductstoDistributor -->
      </class> <!-- com.ivy.testcases.TC_Productdistribution_2 -->
    </test> <!-- Test -->
    <test name="Test1" duration-ms="59846" started-at="2019-11-15T07:47:09Z" finished-at="2019-11-15T07:48:09Z">
      <class name="com.ivy.testcases.TC_LocationAdd_001">
        <test-method status="PASS" signature="setup()[pri:0, instance:com.ivy.testcases.TC_LocationAdd_001@2a3b5b47]" name="setup" is-config="true" duration-ms="5068" started-at="2019-11-15T13:17:09Z" finished-at="2019-11-15T13:17:14Z">
          <reporter-output>
          </reporter-output>
        </test-method> <!-- setup -->
        <test-method status="PASS" signature="loginsetup()[pri:0, instance:com.ivy.testcases.TC_LocationAdd_001@2a3b5b47]" name="loginsetup" is-config="true" duration-ms="28096" started-at="2019-11-15T13:17:14Z" finished-at="2019-11-15T13:17:42Z">
          <reporter-output>
          </reporter-output>
        </test-method> <!-- loginsetup -->
        <test-method status="PASS" signature="verifyLocationAdd()[pri:0, instance:com.ivy.testcases.TC_LocationAdd_001@2a3b5b47]" name="verifyLocationAdd" duration-ms="26672" started-at="2019-11-15T13:17:42Z" finished-at="2019-11-15T13:18:09Z">
          <reporter-output>
          </reporter-output>
        </test-method> <!-- verifyLocationAdd -->
      </class> <!-- com.ivy.testcases.TC_LocationAdd_001 -->
    </test> <!-- Test1 -->
  </suite> <!-- Suite -->
</testng-results>
