<?xml version="1.0" encoding="UTF-8"?>
<!-- Generated by org.testng.reporters.JUnitXMLReporter -->
<testsuite hostname="LT-1333" ignored="0" name="Test" tests="2" failures="0" timestamp="15 Nov 2019 07:47:47 GMT" time="37.539" errors="0">
  <testcase name="ClickProductDistributionLink" time="1.716" classname="com.ivy.testcases.TC_Productdistribution_2"/>
  <testcase name="mapProductstoDistributor" time="3.105" classname="com.ivy.testcases.TC_Productdistribution_2"/>
</testsuite> <!-- Test -->
