<?xml version="1.0" encoding="UTF-8"?>
<testng-results skipped="0" failed="0" ignored="0" total="1" passed="1">
  <reporter-output>
  </reporter-output>
  <suite name="Suite" duration-ms="24281" started-at="2019-06-26T09:48:20Z" finished-at="2019-06-26T09:48:44Z">
    <groups>
    </groups>
    <test name="TC_loginpage_001" duration-ms="24281" started-at="2019-06-26T09:48:20Z" finished-at="2019-06-26T09:48:44Z">
      <class name="com.guru.testcases.TC_loginpage_001">
        <test-method status="PASS" signature="setup(java.lang.String)[pri:0, instance:com.guru.testcases.TC_loginpage_001@647e447]" name="setup" is-config="true" duration-ms="8755" started-at="2019-06-26T15:18:20Z" finished-at="2019-06-26T15:18:29Z">
          <params>
            <param index="0">
              <value>
                <![CDATA[FireFox]]>
              </value>
            </param>
          </params>
          <reporter-output>
          </reporter-output>
        </test-method> <!-- setup -->
        <test-method status="PASS" signature="loginTest()[pri:0, instance:com.guru.testcases.TC_loginpage_001@647e447]" name="loginTest" duration-ms="12901" started-at="2019-06-26T15:18:29Z" finished-at="2019-06-26T15:18:42Z">
          <reporter-output>
          </reporter-output>
        </test-method> <!-- loginTest -->
        <test-method status="PASS" signature="teardown()[pri:0, instance:com.guru.testcases.TC_loginpage_001@647e447]" name="teardown" is-config="true" duration-ms="2601" started-at="2019-06-26T15:18:42Z" finished-at="2019-06-26T15:18:44Z">
          <reporter-output>
          </reporter-output>
        </test-method> <!-- teardown -->
      </class> <!-- com.guru.testcases.TC_loginpage_001 -->
    </test> <!-- TC_loginpage_001 -->
  </suite> <!-- Suite -->
</testng-results>
